<?xml version="1.0" encoding="UTF-8"?>
<!-- Generated by org.testng.reporters.JUnitReportReporter -->
<testsuite hostname="HJNZL001463" failures="0" tests="1" name="abantecart.testcase.ForgotPasswordPageTest" time="29.291" errors="0" timestamp="2021-10-25T13:59:20 IST" skipped="0">
  <testcase classname="abantecart.testcase.ForgotPasswordPageTest" name="forgotPassword" time="29.291"/>
  <system-out/>
</testsuite> <!-- abantecart.testcase.ForgotPasswordPageTest -->
