<?xml version="1.0" encoding="UTF-8"?>
<!-- Generated by org.testng.reporters.JUnitReportReporter -->
<testsuite hostname="HJNZL001463" failures="0" tests="1" name="abantecart.testcase.LoginPageTest" time="23.917" errors="0" timestamp="2021-10-25T14:17:55 IST" skipped="0">
  <testcase classname="abantecart.testcase.LoginPageTest" name="loginTest" time="23.917"/>
  <system-out>
    <![CDATA[The method Name is: loginTest
The Status of loginTest execution is: 1]]>
  </system-out>
</testsuite> <!-- abantecart.testcase.LoginPageTest -->
