<?xml version="1.0" encoding="UTF-8"?>
<!-- Generated by org.testng.reporters.JUnitReportReporter -->
<testsuite hostname="HJNZL001463" failures="0" tests="4" name="abantecart.testcase.LoginThroughLatestProduct" time="15.107" errors="0" timestamp="2021-10-25T14:02:43 IST" skipped="0">
  <testcase classname="abantecart.testcase.LoginThroughLatestProduct" name="login" time="7.247"/>
  <system-out/>
  <testcase classname="abantecart.testcase.LoginThroughLatestProduct" name="productPageCall" time="4.651"/>
  <system-out/>
  <testcase classname="abantecart.testcase.LoginThroughLatestProduct" name="cartAndLoginPageCall" time="1.562"/>
  <system-out/>
  <testcase classname="abantecart.testcase.LoginThroughLatestProduct" name="checkoutPageCall" time="1.647"/>
  <system-out/>
</testsuite> <!-- abantecart.testcase.LoginThroughLatestProduct -->
