<?xml version="1.0" encoding="UTF-8"?>
<!-- Generated by org.testng.reporters.JUnitReportReporter -->
<testsuite hostname="HJNZL001344" failures="0" tests="5" name="abantecart.testcase.Runner2" time="25.611" errors="0" timestamp="2021-10-18T21:00:32 IST" skipped="0">
  <testcase classname="abantecart.testcase.Runner2" name="caller" time="7.709"/>
  <system-out/>
  <testcase classname="abantecart.testcase.Runner2" name="caller1" time="2.708"/>
  <system-out/>
  <testcase classname="abantecart.testcase.Runner2" name="caller3" time="2.621"/>
  <system-out/>
  <testcase classname="abantecart.testcase.Runner2" name="caller5" time="0.009"/>
  <system-out/>
  <testcase classname="abantecart.testcase.Runner2" name="caller4" time="12.564"/>
  <system-out/>
</testsuite> <!-- abantecart.testcase.Runner2 -->
