<?xml version="1.0" encoding="UTF-8"?>
<!-- Generated by org.testng.reporters.JUnitReportReporter -->
<testsuite hostname="HJNZL001463" failures="0" tests="4" name="abantecart.testcase.LoginThroughBuyProduct" time="11.948" errors="0" timestamp="2021-10-25T14:18:36 IST" skipped="0">
  <testcase classname="abantecart.testcase.LoginThroughBuyProduct" name="login" time="6.806"/>
  <system-out>
    <![CDATA[The method Name is: login
The Status of login execution is: 1]]>
  </system-out>
  <testcase classname="abantecart.testcase.LoginThroughBuyProduct" name="productPage" time="1.791"/>
  <system-out>
    <![CDATA[The method Name is: productPage
The Status of productPage execution is: 1]]>
  </system-out>
  <testcase classname="abantecart.testcase.LoginThroughBuyProduct" name="cartPage" time="1.675"/>
  <system-out>
    <![CDATA[The method Name is: cartPage
The Status of cartPage execution is: 1]]>
  </system-out>
  <testcase classname="abantecart.testcase.LoginThroughBuyProduct" name="checkoutPage" time="1.676"/>
  <system-out>
    <![CDATA[The method Name is: checkoutPage
The Status of checkoutPage execution is: 1]]>
  </system-out>
</testsuite> <!-- abantecart.testcase.LoginThroughBuyProduct -->
