<?xml version="1.0" encoding="UTF-8"?>
<!-- Generated by org.testng.reporters.JUnitReportReporter -->
<testsuite hostname="HJNZL001463" failures="0" tests="4" name="abantecart.testcase.BuyProductByLogin" time="11.807" errors="0" timestamp="2021-10-25T14:12:31 IST" skipped="0">
  <testcase classname="abantecart.testcase.BuyProductByLogin" name="homePageCall" time="3.998"/>
  <system-out>
    <![CDATA[The method Name is: homePageCall
The Status of homePageCall execution is: 1]]>
  </system-out>
  <testcase classname="abantecart.testcase.BuyProductByLogin" name="productPageCall" time="1.775"/>
  <system-out>
    <![CDATA[The method Name is: productPageCall
The Status of productPageCall execution is: 1]]>
  </system-out>
  <testcase classname="abantecart.testcase.BuyProductByLogin" name="cartAndLoginPageCall" time="4.312"/>
  <system-out>
    <![CDATA[The method Name is: cartAndLoginPageCall
The Status of cartAndLoginPageCall execution is: 1]]>
  </system-out>
  <testcase classname="abantecart.testcase.BuyProductByLogin" name="checkoutPageCall" time="1.722"/>
  <system-out>
    <![CDATA[The method Name is: checkoutPageCall
The Status of checkoutPageCall execution is: 1]]>
  </system-out>
</testsuite> <!-- abantecart.testcase.BuyProductByLogin -->
