<?xml version="1.0" encoding="UTF-8"?>
<!-- Generated by org.testng.reporters.JUnitReportReporter -->
<testsuite hostname="HJNZL001463" failures="0" tests="5" name="abantecart.testcase.SearchPageTest" time="6.477" errors="0" timestamp="2021-10-25T14:06:24 IST" skipped="0">
  <testcase classname="abantecart.testcase.SearchPageTest" name="searchByProductName" time="2.025"/>
  <system-out/>
  <testcase classname="abantecart.testcase.SearchPageTest" name="searchByKeyword" time="1.533"/>
  <system-out/>
  <testcase classname="abantecart.testcase.SearchPageTest" name="searchByCategories" time="1.656"/>
  <system-out/>
  <testcase classname="abantecart.testcase.SearchPageTest" name="openSearchpage" time="0.097"/>
  <system-out/>
  <testcase classname="abantecart.testcase.SearchPageTest" name="loggoff" time="1.166"/>
  <system-out/>
</testsuite> <!-- abantecart.testcase.SearchPageTest -->
