<?xml version="1.0" encoding="UTF-8"?>
<!-- Generated by org.testng.reporters.JUnitReportReporter -->
<testsuite hostname="HJNZL001463" failures="0" tests="1" name="abantecart.testcase.HomePageTest" time="3.343" errors="0" timestamp="2021-10-25T14:16:43 IST" skipped="0">
  <testcase classname="abantecart.testcase.HomePageTest" name="searchBar" time="3.343"/>
  <system-out>
    <![CDATA[The method Name is: searchBar
The Status of searchBar execution is: 1]]>
  </system-out>
</testsuite> <!-- abantecart.testcase.HomePageTest -->
