<?xml version="1.0" encoding="UTF-8"?>
<!-- Generated by org.testng.reporters.JUnitReportReporter -->
<testsuite hostname="HJNZL001463" failures="0" tests="4" name="abantecart.testcase.BuyLatestProductByLogin" time="13.114" errors="0" timestamp="2021-10-25T13:50:50 IST" skipped="0">
  <testcase classname="abantecart.testcase.BuyLatestProductByLogin" name="homePageCall" time="2.920"/>
  <system-out/>
  <testcase classname="abantecart.testcase.BuyLatestProductByLogin" name="productPageCall" time="4.625"/>
  <system-out/>
  <testcase classname="abantecart.testcase.BuyLatestProductByLogin" name="cartAndLoginPageCall" time="4.121"/>
  <system-out/>
  <testcase classname="abantecart.testcase.BuyLatestProductByLogin" name="checkoutPageCall" time="1.448"/>
  <system-out/>
</testsuite> <!-- abantecart.testcase.BuyLatestProductByLogin -->
