<?xml version="1.0" encoding="UTF-8"?>
<!-- Generated by org.testng.reporters.JUnitReportReporter -->
<testsuite hostname="HJNZL001463" failures="0" tests="5" name="abantecart.testcase.BuyProductThroughRegistration" time="16.708" errors="0" timestamp="2021-10-25T13:52:27 IST" skipped="0">
  <testcase classname="abantecart.testcase.BuyProductThroughRegistration" name="homePageCall" time="3.125"/>
  <system-out/>
  <testcase classname="abantecart.testcase.BuyProductThroughRegistration" name="productPageCall" time="1.701"/>
  <system-out/>
  <testcase classname="abantecart.testcase.BuyProductThroughRegistration" name="cartPageCall" time="1.298"/>
  <system-out/>
  <testcase classname="abantecart.testcase.BuyProductThroughRegistration" name="registerPageCall" time="9.110"/>
  <system-out/>
  <testcase classname="abantecart.testcase.BuyProductThroughRegistration" name="checkoutPageCall" time="1.474"/>
  <system-out/>
</testsuite> <!-- abantecart.testcase.BuyProductThroughRegistration -->
