<?xml version="1.0" encoding="UTF-8"?>
<!-- Generated by org.testng.reporters.JUnitReportReporter -->
<testsuite hostname="HJNZL001463" failures="0" tests="2" name="abantecart.testcase.VerifyOrderSummeryTest" time="2.896" errors="0" timestamp="2021-10-25T14:07:48 IST" skipped="0">
  <testcase classname="abantecart.testcase.VerifyOrderSummeryTest" name="verifyorderSummery" time="1.794"/>
  <system-out/>
  <testcase classname="abantecart.testcase.VerifyOrderSummeryTest" name="loggoff" time="1.102"/>
  <system-out/>
</testsuite> <!-- abantecart.testcase.VerifyOrderSummeryTest -->
