<?xml version="1.0" encoding="UTF-8"?>
<!-- Generated by org.testng.reporters.JUnitReportReporter -->
<testsuite hostname="HJNZL001463" failures="0" tests="2" name="abantecart.testcase.VerifyCartWithCheckoutTest" time="4.276" errors="0" timestamp="2021-10-25T14:07:08 IST" skipped="0">
  <testcase classname="abantecart.testcase.VerifyCartWithCheckoutTest" name="verifyCartWithCheckout" time="3.192"/>
  <system-out/>
  <testcase classname="abantecart.testcase.VerifyCartWithCheckoutTest" name="loggoff" time="1.084"/>
  <system-out/>
</testsuite> <!-- abantecart.testcase.VerifyCartWithCheckoutTest -->
