<?xml version="1.0" encoding="UTF-8"?>
<!-- Generated by org.testng.reporters.JUnitReportReporter -->
<testsuite hostname="HJNZL001463" failures="0" tests="2" name="abantecart.testcase.EditShippingTest" time="2.262" errors="0" timestamp="2021-10-25T14:14:26 IST" skipped="0">
  <testcase classname="abantecart.testcase.EditShippingTest" name="verifyEditShipping" time="1.173"/>
  <system-out>
    <![CDATA[The method Name is: verifyEditShipping
The Status of verifyEditShipping execution is: 1]]>
  </system-out>
  <testcase classname="abantecart.testcase.EditShippingTest" name="loggoff" time="1.089"/>
  <system-out>
    <![CDATA[The method Name is: loggoff
The Status of loggoff execution is: 1]]>
  </system-out>
</testsuite> <!-- abantecart.testcase.EditShippingTest -->
