<?xml version="1.0" encoding="UTF-8"?>
<!-- Generated by org.testng.reporters.JUnitReportReporter -->
<testsuite hostname="HJNZL001463" failures="0" tests="16" name="abantecart.testcase.ProductPageTest" time="24.338" errors="0" timestamp="2021-10-25T14:19:36 IST" skipped="0">
  <testcase classname="abantecart.testcase.ProductPageTest" name="verifyAddToCartWithoutSize" time="2.043"/>
  <system-out>
    <![CDATA[The method Name is: verifyAddToCartWithoutSize
The Status of verifyAddToCartWithoutSize execution is: 1]]>
  </system-out>
  <testcase classname="abantecart.testcase.ProductPageTest" name="verifyProductImageThumbnails" time="0.298"/>
  <system-out>
    <![CDATA[The method Name is: verifyProductImageThumbnails
The Status of verifyProductImageThumbnails execution is: 1]]>
  </system-out>
  <testcase classname="abantecart.testcase.ProductPageTest" name="verifyProductTitle" time="0.032"/>
  <system-out>
    <![CDATA[The method Name is: verifyProductTitle
The Status of verifyProductTitle execution is: 1]]>
  </system-out>
  <testcase classname="abantecart.testcase.ProductPageTest" name="verifyProductSizeDisable" time="0.028"/>
  <system-out>
    <![CDATA[The method Name is: verifyProductSizeDisable
The Status of verifyProductSizeDisable execution is: 1]]>
  </system-out>
  <testcase classname="abantecart.testcase.ProductPageTest" name="verifyBreadCrumbs" time="0.125"/>
  <system-out>
    <![CDATA[The method Name is: verifyBreadCrumbs
The Status of verifyBreadCrumbs execution is: 1]]>
  </system-out>
  <testcase classname="abantecart.testcase.ProductPageTest" name="productQuantity" time="0.148"/>
  <system-out>
    <![CDATA[The method Name is: productQuantity
The Status of productQuantity execution is: 1]]>
  </system-out>
  <testcase classname="abantecart.testcase.ProductPageTest" name="productColor" time="0.050"/>
  <system-out>
    <![CDATA[The method Name is: productColor
The Status of productColor execution is: 1]]>
  </system-out>
  <testcase classname="abantecart.testcase.ProductPageTest" name="productSize" time="0.064"/>
  <system-out>
    <![CDATA[The method Name is: productSize
The Status of productSize execution is: 1]]>
  </system-out>
  <testcase classname="abantecart.testcase.ProductPageTest" name="verifyHowerOverProductImage" time="0.022"/>
  <system-out>
    <![CDATA[The method Name is: verifyHowerOverProductImage
The Status of verifyHowerOverProductImage execution is: 1]]>
  </system-out>
  <testcase classname="abantecart.testcase.ProductPageTest" name="verifyLatestProductSection" time="0.055"/>
  <system-out>
    <![CDATA[The method Name is: verifyLatestProductSection
The Status of verifyLatestProductSection execution is: 1]]>
  </system-out>
  <testcase classname="abantecart.testcase.ProductPageTest" name="verifyProductAddToWishlist" time="0.388"/>
  <system-out>
    <![CDATA[The method Name is: verifyProductAddToWishlist
The Status of verifyProductAddToWishlist execution is: 1]]>
  </system-out>
  <testcase classname="abantecart.testcase.ProductPageTest" name="verifyProductAddToCart" time="1.724"/>
  <system-out>
    <![CDATA[The method Name is: verifyProductAddToCart
The Status of verifyProductAddToCart execution is: 1]]>
  </system-out>
  <testcase classname="abantecart.testcase.ProductPageTest" name="verifyMultipleAddToCart" time="8.025"/>
  <system-out>
    <![CDATA[The method Name is: verifyMultipleAddToCart
The Status of verifyMultipleAddToCart execution is: 1]]>
  </system-out>
  <testcase classname="abantecart.testcase.ProductPageTest" name="verifyLatestProductAdd" time="4.916"/>
  <system-out>
    <![CDATA[The method Name is: verifyLatestProductAdd
The Status of verifyLatestProductAdd execution is: 1]]>
  </system-out>
  <testcase classname="abantecart.testcase.ProductPageTest" name="verifyRelatedProductAdd" time="5.209"/>
  <system-out>
    <![CDATA[The method Name is: verifyRelatedProductAdd
The Status of verifyRelatedProductAdd execution is: 1]]>
  </system-out>
  <testcase classname="abantecart.testcase.ProductPageTest" name="loggoff" time="1.211"/>
  <system-out>
    <![CDATA[The method Name is: loggoff
The Status of loggoff execution is: 1]]>
  </system-out>
</testsuite> <!-- abantecart.testcase.ProductPageTest -->
