<?xml version="1.0" encoding="UTF-8"?>
<!-- Generated by org.testng.reporters.JUnitReportReporter -->
<testsuite hostname="HJNZL001463" failures="0" tests="2" name="Login.Login" time="11.136" errors="0" timestamp="2021-10-08T11:44:56 IST" skipped="0">
  <testcase classname="Login.Login" name="LoginSetup" time="8.664"/>
  <system-out/>
  <testcase classname="Login.Login" name="Login" time="2.472"/>
  <system-out/>
</testsuite> <!-- Login.Login -->
