<?xml version="1.0" encoding="UTF-8"?>
<!-- Generated by org.testng.reporters.JUnitReportReporter -->
<testsuite hostname="HJNZL001463" failures="0" tests="1" name="abantecart.testcase.ForgotLoginPageTest" time="30.426" errors="0" timestamp="2021-10-25T14:16:14 IST" skipped="0">
  <testcase classname="abantecart.testcase.ForgotLoginPageTest" name="forgotPassword" time="30.426"/>
  <system-out>
    <![CDATA[The method Name is: forgotPassword
The Status of forgotPassword execution is: 1]]>
  </system-out>
</testsuite> <!-- abantecart.testcase.ForgotLoginPageTest -->
