<?xml version="1.0" encoding="UTF-8"?>
<!-- Generated by org.testng.reporters.JUnitReportReporter -->
<testsuite hostname="HJNZL001463" failures="0" tests="6" name="abantecart.testcase.BuyProductThroughWishlist" time="13.142" errors="0" timestamp="2021-10-25T14:13:05 IST" skipped="0">
  <testcase classname="abantecart.testcase.BuyProductThroughWishlist" name="loginCall" time="2.589"/>
  <system-out>
    <![CDATA[The method Name is: loginCall
The Status of loginCall execution is: 1]]>
  </system-out>
  <testcase classname="abantecart.testcase.BuyProductThroughWishlist" name="accountCall" time="2.372"/>
  <system-out>
    <![CDATA[The method Name is: accountCall
The Status of accountCall execution is: 1]]>
  </system-out>
  <testcase classname="abantecart.testcase.BuyProductThroughWishlist" name="homePageCall" time="3.170"/>
  <system-out>
    <![CDATA[The method Name is: homePageCall
The Status of homePageCall execution is: 1]]>
  </system-out>
  <testcase classname="abantecart.testcase.BuyProductThroughWishlist" name="productPageCall" time="1.745"/>
  <system-out>
    <![CDATA[The method Name is: productPageCall
The Status of productPageCall execution is: 1]]>
  </system-out>
  <testcase classname="abantecart.testcase.BuyProductThroughWishlist" name="cartPageCall" time="1.615"/>
  <system-out>
    <![CDATA[The method Name is: cartPageCall
The Status of cartPageCall execution is: 1]]>
  </system-out>
  <testcase classname="abantecart.testcase.BuyProductThroughWishlist" name="checkoutPageCall" time="1.651"/>
  <system-out>
    <![CDATA[The method Name is: checkoutPageCall
The Status of checkoutPageCall execution is: 1]]>
  </system-out>
</testsuite> <!-- abantecart.testcase.BuyProductThroughWishlist -->
