<?xml version="1.0" encoding="UTF-8"?>
<!-- Generated by org.testng.reporters.JUnitReportReporter -->
<testsuite hostname="HJNZL001463" failures="0" tests="1" name="abantecart.testcase.AccountMainPageTest" time="5.288" errors="0" timestamp="2021-10-25T14:15:23 IST" skipped="0">
  <testcase classname="abantecart.testcase.AccountMainPageTest" name="editInfoCheck" time="5.288"/>
  <system-out/>
</testsuite> <!-- abantecart.testcase.AccountMainPageTest -->
