<?xml version="1.0" encoding="UTF-8"?>
<!-- Generated by org.testng.reporters.JUnitReportReporter -->
<testsuite hostname="HJNZL001344" failures="0" tests="4" name="abantecart.testcase.Runner" time="24.260" errors="0" timestamp="2021-10-18T20:41:06 IST" skipped="0">
  <testcase classname="abantecart.testcase.Runner" name="caller" time="8.392"/>
  <system-out/>
  <testcase classname="abantecart.testcase.Runner" name="caller1" time="3.179"/>
  <system-out/>
  <testcase classname="abantecart.testcase.Runner" name="caller3" time="7.540"/>
  <system-out/>
  <testcase classname="abantecart.testcase.Runner" name="caller4" time="5.149"/>
  <system-out/>
</testsuite> <!-- abantecart.testcase.Runner -->
